<?xml version="1.0" encoding="UTF-8"?>
<!-- Generated by org.testng.reporters.JUnitReportReporter -->
<testsuite hostname="DESKTOP-E3FNQHB" failures="0" tests="1" name="com.project.test.Test_login_001" time="5.174" errors="0" timestamp="2022-08-03T16:26:16 IST" skipped="0">
  <testcase classname="com.project.test.Test_login_001" name="logitest" time="5.174"/>
  <system-out/>
</testsuite> <!-- com.project.test.Test_login_001 -->
